1580473670 QmPczRZeFEuNSp6A8y5LMmUTFJLSenKxJgzDG9tBPksKhr %myquotes.md
1581241535 QmaBjSVSBUJDVUpkhvNDEmUNcWRLpugucVmGCF9sRv7sPY 2read.md
1593919109 QmXzFQXSAtGnybAUxXUDNgdtRKPTDg9RKXWj9TLpjAYVw8 40Hz.md
1595437086 QmYq99PqQzrkhmz3SURdmCqD2bbW4uCVXePFFBFpsBFbcb 41steps.md
1587349774 QmRLdSgqGkygMoMjA4YzWiu8dQa7TAsAHArRqT2U9kWXue ACI.md
1598963967 QmVDR6NSCCHnr9f67EfZ2aKDARmfLRtnRSjsCLX1JTx7vp AItems.md
1580722335 QmPioooZ9YLHrb12tMpgGX6A8LdRUQWaeCje62FRx26Xbu ASMR.md
1580729727 QmY4ZaCXGbUwWrgXiVadNVDh8bS6jEkb27ikCGWWhQfB1R Bills.md
1581071476 QmXySiXGmLa4WhdzEtnXryuJX2S6Fj4SYgWs4DCdm4V1j1 CAS.md
1591703098 QmXJW6CsTZBxUF4vpKhcuZAti9qgMyuVCFPar2msNjCEE9 DNA.md
1591798186 QmVEWE6nHSk8gzK4ifEdXXoEvrwpVuFREiEhYR712CC3We EDITORS.md
1596528122 QmeQ4z6aVjoubSe58GVZFvivAeAW2L6xF2RtCF8t3dQbT4 FakeGurus.md
1581323788 QmaosbaYC46FThBTK8CAfYyH5VxFvaTopjnxHKnQ45TAJb FoSM.md
1595945625 QmS558GB1uGgURDtDAhVwVBiVJuF5bfyAwqCPFYwrwqwrP GooDoc.md
1596029618 QmeBdbvjaYiYNpKLLFvsEkxT3keakFM2cNvYUj6R4PDBjC Help.md
1590930592 QmYqnhENnjPHQe981b2hn9od7nFhJJQBpD5ChC6dcKRQmX Home.md
1580276300 Qmcd4UyphbUvKTJyau3zFPua6B2Xox1hbxT7A2cs2cx7dH HuRing.md
1581178954 Qmd4WJtA3TH8Cv5fsvY1wjS7555vgBt95y9LjAaXyfRQgn IPFSboot.md
1591431388 QmZM3vM3ovv9sQtwpZPdXwiDjY6kPTYegQLLYYW3Hx6XBY IPFSeco.md
1591431514 QmNfy9Efk3mLCNGVNz1a3aVPofM5tifpiCQpENoo5M9y5x IRP.md
1590930530 QmVuhNwGEBwX5TvmeDDdW3qLUvoumJeLptvoV85yscAnXr IloveU-b12.md
1580826504 QmaGXi9KojhyYtj6Qq1Xv2kYXogPCgt36Wp2eNoSe8cbWW LinkText.md
1596884976 QmYu3mdcvVPqFFKnPqtxHooMXQnQudseaB7JGRMCJF9hKD ListofPads.md
1587610716 QmcEGQTwitMEaf3aRzJnXTRMfQnN22oXvbQQ538M3oVrxS MorningClarity.md
1598073906 QmQbo6khf2HSbHLQEM6q7eDfYyvd7jzkpPuo1QZJAad1N7 OOOB.md
1590695584 QmZA8gZzsRemj7rGVpoZJGVYLLvzm5b82fhbzfBqBXSCZ6 OpenID.md
1581066658 Qmd9be4z7auidjacbJGjKeDXyKCSXxNDQxvYdoF5rePxC7 P2PCI-org.md
1580996992 QmbmyMD8N7pAnCqRSUuXJwcDSrUKHoGjtn2FoBnxitZ62y PBWorks.md
1597493028 QmeQtK5zBGFiVma8baPYMFu4X2SnBMC3739fLxoucT5HcU PR.md
1598853278 QmQU4ygeLMgBDJkc4Q2oThcJqws9xNdB9sfo3ZbevuGFAR PoR.md
1581167855 QmQbodt1iYku8r8fSSP711mjN7pieA4D6JYrjWtSWJfEwA PoSig.md
1581328628 QmW6bA4GVevEKbJxJ65qQXYD79WNxTunt1tjNDXwGUVLVV PoWit.md
1592551415 QmWkncKxXLDXvTHBYdqF2wSy9yN3zZj5tg6sY9NhcJnTF5 Qcomp.md
1594701153 QmXv59sSwYhoekfFxwGwNH6xRuRYwNWMVTjXa5kQmzBNzH README.md
1580157978 QmZjazdtY33E7jShWubyT6MsRhqvaNgPpyzFkQiLhhuozX Scratchpad.md
1581066524 QmdJvReGzJmsNu7kRYFAgvYUZuEtfeswJEDKpDLAW3UefK Tasks.md
1580485145 QmNjkbFdbQt3dShno1fkWLhmz73PjPcA4YtQdegSauRGGy TheBrain.md
1581320945 QmWqnX4gz2ZDp8bRvZfxirBj4nbyAzFqVPCK6pLZMAXWng ToK.md
1585037388 QmW7JR77BmHxctpG1RWP8umSg1ELaasyBGxDtrmhHe6aEH UniverseTreats.md
1588252906 QmVvcnahUAkQupmxNTmoirZ4r9bGAwYBcJStrs2XooRKeg WAWOI.md
1592661713 QmcriKtmujibWb3haAGUDBBKuVzDPd3TjZ9m2dCDNqbceR WIP.md
1580884956 Qmc9Fi4c6E5vm4UGjKh5vK6FCTFptkW6MMj6UquFY5JV42 WikiLinks.md
1580826343 QmQrErQH1DsXi6QDWqBzY4EUqnjTe6Q7RHxBAVVaREpdBS WikiPage.md
1598939438 Qmbg9Q8hv7CvcA7PpYFH5xgP27vkDw6MQbhx6bcEwdyGCG ZKCaptcha.md
1590740557 QmXfgnYasS2QCdfFN8f3x9VUExerm6YuJGF3f9oDa4ttox admin.md
1588228949 QmTocW3TW2My8jpzwFHjkNWuVn1gt3hLr96NjCBL3rk3dn after-covid19.md
1581540966 QmYbWLgVP9wRScnBQUocUvoK7ZJJLbPmAU9o4GpyufUnsz agenda.md
1581063177 QmXrA4Ky8gjECzkK2en28GeidC5tq1qhU1mh3KVzJSfj6w akashic.md
1587813661 QmURdSa85C3oAZddGDpEQs8FdtmNiZXN87UCF1iGVCRG3Y allsites.md
1585911817 QmZKCUZotFW1DUsSvKR4p1SiJVuihhMgVh5tJqiiyvqLYJ artifacts.md
1591188673 QmScKrBkxj6URejM2DuFJjm96SriukpatVWhwDhCYP6cvr automation.md
1595345744 QmQBBo3Nd5mNvLMhcD1uoDFhqDK8g5LmzfKFsEV4McJoau backlog.md
1591256382 QmS6NWd338CPFnUpUwVv1MnfDGkWvFF78NZWnEcePZmjHW bafy63.md
1593919011 QmZKXUDQcXMBfNwyHCs6315mDL7Ku7tGUSfeCz7eCWY7Wi biff.md
1589681006 QmSuxN4kapuofFhhPVKSahJW1nw8hAFmJZ7FiyksD7GJPa bitcoin.md
1586415936 QmRtMHw8rMtfJHAuKYGkDVxkQBpi4MYomoUQNTCaD7F85y blockRing.md
1580245063 Qmc92BmUViWVj7UVHHxDAfRScBGxxveTWaDGAfzM3EkL9F blockchain.md
1580633556 Qmc5m94Gu7z62RC8waSKkZUrCCBJPyHbkpmGzEePxy2oXJ blockchains.md
1581430836 QmZD5ygJ3GHR61daoc3SbmgJ99HCFci8p9tiFsw4Z8d7eZ bookmarks.md
1593918282 QmXUtm2LJpuH6CnSgJVVkt5T2BJTvUKwCioswQsyyq1p8r botconv.md
1580290301 QmT1CmqWdfRTiBspUri9brTtVMppyYYpYqFruhLaUi18QX broken-url.md
1580494829 Qmdcecf6rnzUeHGmnNJ3EFjKwJTMqAcs26wvXUH9yfbHp6 broken.md
1597645848 QmXeYYMe4xEQJQUoWLxtqBh84idGphfi8gG2HzhFQvyfkJ cahiers.md
1596773285 QmeLmZv7CM1kS3cgsneoLSjmA7bq474ggjnkeMJ77xEHaP chakras.md
1587275429 QmeQ8s6GD4mLTjYiCJ1RKNGuNyp5z4NmQSrR6KLB9TG92Z circle.md
1581075174 QmVpCNMi296hYci8nC4kPviJMgjdndYCPDmDAdXSFrTh3z codelive.md
1598248353 QmNhm8XwP9GRgirtX9D9BDEpm6hZkpURnph8yDoxwUTG2U creation-flow.md
1588314527 QmbdmhAUzxHGm6aYhnv4wRY68ApjiuAbiqECvmVmwsbMEM crescent.md
1581357564 QmXMdCu7iP7jwgfrAP2kamBvbJEtosqUSYakG9KEsGL2WJ dbug.md
1594708020 QmRxgaR1bDgDRDriCxt7aeDSxLbqj3wiJKafTDJ9W3uH5V deeplinking.md
1580248209 QmeeLPzdix6qoYF3L7c7M8fBHQa6adGjTFgZsxoUZYFCJx documents.md
1586682299 QmYB3YRy85SVGHzugkU7qveUqXTbskTczicRvZLkjJsDc4 downtime.md
1593584607 QmP7cWgY3i3J17kELKfbHmmqc45vf5Fm9436wLdUytbmrX empathcode.md
1598861244 QmVhSZsrLFzX5xhiYSPEj78nCFdfipUdwgM29vsnHL1Y2j empty.md
1598710032 QmRfkYayFmRzvVo3HeFfUszJ8Nf8hXiFFfXDycx52HdoiU encrypted.md
1592694940 QmY78TNLnjUQVaXeeRbSVD3SUESDkcAKKgmVP7X7e1MsHY entrepreneur.md
1594793381 QmU6g5sZYr6nXCqvEDshgcLxn1iQyBUEf9ngMREUZNMUpa escape.md
1598075995 QmZJsdxPQcu1MBgyoPj6iJdkiBKK1YVWfBBjzdBZJ46vd9 ethicalads.md
1588234423 QmQ4ZUqS8JvA3uDAZcEzssAVu3p4oPkciD5zsyAxZ9vc7k exode.md
1598201150 QmYjNbAwf3eFXZi8ApWfuJJEv4e1215PcjDD7Djnz1ZoRT expiration.md
1591190106 QmZ6iefcS4zqYgdKhF9zZwU6HiZSGx1nJSYdv8KfhuM9Bz fact-check.md
1585380802 QmZ6Y57zsrA7NWrfY37GAyhpPTS2hTWcivPZ8NYaCTcqBd fakes.md
1584575644 QmZeu7hvuaVQvyERg1pjx9nU5vwvtJewALWAncw1DLiep7 features.md
1595323324 QmWgKsFBow2a7miqjrqMYuwabjKTjZf3L4JgXf5ZWGJtos feelings.md
1598773646 QmXVUoB8HoXFa8W8EBsXrffqhZhNMFxkN4FUzPcW922NiS flatpak.md
1591768305 QmbeT1PwZpKjRhdZ1vgPjhUDPfH4hoZs4Eo4tuFzZjAzde found-bugs.md
1581107357 QmUhHiTmw2fi5Govn6X6ALjegVT1Q6vaJHDjk7E4cAzgTF freenom.md
1596139858 QmeGKagiwFXZa3QV7ogEnDNcvjqHa5LpVirZ2enpPJdsfk freescience.md
1580494067 Qmbgk44h7J6qP6joijvbDLQFoYMPB8Eb3bsfQGUiNNxUvH friends.md
1580745230 QmVEPLN8fvZGxGzRnTgi9P9NyqyFndADFvmQiZELuapCwD gh-wiki.md
1580649032 QmVjsm4ikQhEfpCFMSNJgL9SEixgM9Hv6VXBhovAt18616 github.md
1584544418 QmWzqyBFjaBypQqRVQ7KMChvnQLn9KQR5mruC4KHdYE1AW glimpse.md
1581070049 QmTqg8XWWeN1M1XJzCtPDYfaFWrPTBHFHzmfhfFnGTLkep glocal.md
1590829021 QmYKsNBVfrc5uMWqKQmbr7sQFX7kEBAASoNXoMHpRW2RgA gollum.md
1580483711 QmVKSc21nz32dcZW2mr8H3Nx8cgbH9x4vLqWhmdqZdR528 hacking.md
1595610384 Qme4riPkewH6eTYbrha35rtJAgBgd8FAmyHAacATJEydzp healing.md
1581065860 QmTwkmGoZvwDmfRqmDWfGjF6dLeKvD9K77Ed7ySrs2YUaJ help.md
1588302428 QmdyN4brWwSBD7UdFxL1NKn3Vpz1HLLKuazk8RGvAMr5fQ highest.md
1597615010 QmbZ4zbegtRdEZFD9bhB2X5qkiriyGWrZbC9dX9sfsRhJ1 holoActions.md
1598072413 QmVRdgXzkDudThkLFnFH6drBFa9UdP2wdtx3Utgyx5ducT holoGIT.md
1590700397 QmVhY2dL8bT3wK5bxZ1WcngHLQ3trn5JmVN1YMyghK2Gnk holoPad.md
1580276307 QmboroHRjWVUHtbQkSQUjh9UyBQZdoiMdgcrsLEFPQYFjS holoRing.md
1584573164 QmPj7JJrvtcQL9P5VFr6snmYmmU1LnUzuQVqJeMkVQi8Y9 holoTech.md
1581330004 QmVMupNkHgCrjxm3m3HeGu57kZiDkoq5hjhdNShpgh1iyQ holoTop.md
1581071606 QmPZyVX3VUgXjztWbALrgjqFp4u4CJetdjXskFb7uXrMQE hololink.md
1581068582 QmTWLVkEASPuE91zCBNip9fGxtgiewysfXvyZdvmPFJrTx hololinks.md
1587872325 QmRaNJLwjK2n1qBHJJRtSq1Xxg6b53RfQgd2y8BXCqbHLT holostamp.md
1581069903 QmdVD79SRGMFHLX4cQc8x9WaLiuMFUAEyvrUtCPkaMLzSW holotags.md
1581068249 QmQgnPmHuCgHi8zZNTbtMafaNhd7xddXMFTYs9wgANQqL2 holowiki.md
1598942925 Qma4AWzFz3hyjXR7aiP3psUF3YigrshEpLMPf3BRePh1Zr humanoid.md
1598006846 QmcDJhXvFBkrETV6Dmheo9PPvFu4zrTozWfPW4R5Ch33q5 ideal.md
1581431132 QmSKwA2ZTqeENRi8AAnaYJLQgSZr8knZQRy82WyH5FU34n ideas.md
1587717784 QmbezVNtkHFbDEGuSBmkBsWfgzNHxdE3zsuTDNt75mRV7N ident.md
1591720484 QmNvNNdEuJPJwQnBRmcbHU7LMZTjpsJY6Yx6DiBG5w2uBR identity.md
1591882290 QmU22oufPp4bVv3gtgmFTghEZ6jBpG7hk9N6FXX1dyLgKc income.md
1581431135 QmTtGXgwpBjNgsXZ6VMDP9o4Ev8MirKg4vCMKyxQnfBpfa index.md
1597500378 QmW5mPB7n3iZsqx7kCGd9JLyeDxQYMjbCYuDfLVRBFerKu ipfs-pl.md
1594180343 QmVqJkeNFJHQUuCEE4LjxbMnYQmZhfPq1inydFbXE9MhwP itsnotthetool.md
1591797933 Qmb7Jq8E5q6AhFPjz46qmsHSCjM3kpF9yZzokoytGBBACS jobs-apply.md
1581153084 QmUh9yPTjvxPm8XsQEuKX9RLi9Cnx8BVuN4RgpqPzxbTKn jobs.md
1597902375 QmQ1ugC7VBsU7nuJdFzPfZey7PagidvpJCKAWyBpnYY6CA karnaugh.md
1585284280 QmYUj3wVFi7vCPjMofffzpZd4YFhjr15Z9uodZrJ9uJbt8 kena.md
1581328168 QmNdnPkmePGVdK6b4udoaH5pmH362KF7xq1PcLzwPVaHpe knowledge.md
1581062690 QmVzAY8971Cs7QY6MF9z4Ph3oTJz985zanrxF3jGBGXCHe krystals.md
1598418853 QmNuYArcHFzLdw2pxTceVgpyjhgGqcfokMQHTnV5hfu7A2 laws.md
1596806858 QmRQ76ci7oayRgGFFyTi2x2o5sF2b4oQDVkxAUgZuEiPDj ledger.md
1590234156 QmVoUxWUFR6iTzqWtKZXJ2EZ1UFCcgCX3KBjcspK1TdvDn license.md
1580884962 Qmbk86ns3F13btBCfkkkDy6cjRLNWbA9vUvp54FZbA4DZ3 linked.md
1580907014 QmYVxEpiispqpdiKvynpsho5eN4SBSyjvD7CferZdUCFTo long-list.md
1581169886 QmNciiCgUsZLYFFvZ16N1VorYk14r9q6JjbA5VqNfzmtiW long-term-memory.md
1581090958 QmUM1LT4NE35BrT5nGTQ3cEG1YiAeEi3A1pMRWZxEy2xAV longtail.md
1588394609 QmVYVPaNFwy6qtGbEw95epCLyraKtKiLohqJUXEDQUaKXu lostdom.md
1585431752 QmVNU8V7xxUdDcPac9pBsok5BEaGCeEbNyCVXTjZfUsY2w lovid20.md
1588150119 QmW5nwvoujzhrFm98mG9V9aaMACrswYgeyg4q3eEw3j3Fs lovid20fr.md
1588505745 QmbKCHwYhTXKbwpPmVgrsLNc1xFRUoNsMZVmMdjtyzXRDE mapping.md
1580472972 QmZRhN83hQ4AfoU3N5nViqmtxbgiwX6u16JpokBXTGie63 maps.md
1581172922 QmbzY2FsXVecjT18QoNpvt4vBxs5kUCS8XHirgQcUSoxEB matrix.md
1596198352 QmdyxnLQfi5mqQ1yQg6MeBg7kae2DNdkYRxTLbCuFMHTfT meditations.md
1580494864 QmbC4pvdXsNPJvBWMBjsWE7mrxYVR8b3yKm9eTdzzSUZVH mfs.md
1580485320 QmTBAVyCteTWtVw2SB2VbsJoAVYkU5cGSgLxcsQvFFf1Fz michelVerse.md
1580323852 QmfTf4Z8azbDihWP5NSpb1dk7CcibgT545uEq2XVoE6aYE minichain.md
1585238240 QmSSr9qmCMNDSRPi7t4ZiVMVJJMbPUWd4KusqMYyFWxeEV minutes.md
1585311297 QmaM679XVR2RTbDSfhBRVsGoy1dxAXX77ene7A74363s1T monitor.md
1598084740 QmQhHNsHGNT4o6fXLCNpBgq2ZJy8MJvwgM8otMCw6Wqtfd multiline-read.md
1589200685 QmWu4soAV7dinkTckhrWYeU7PBeW75jMbmGYAqJq7n7oih myjourney.md
1596809594 QmVmSiYaiU9VpVi6AbRsrmmvqWGjouu4bzV4bXpNb9PbBQ mywiki.md
1580494576 Qmad5o5XHHz98txMjVn2KNv8zWTTDRqtuSHECuY2QZPXUc nickname.md
1587190135 QmcinatWUbGqwBCK3GbXUDGNo9XmiwoQ6sHZaDUcsDUBc9 note.md
1598730191 QmSiis77zcKPfLNAAQhKdE8yu1EBTRcC6hnxwS9yRSetmy notes.md
1585838228 Qmeze2Y6jPUM5LqXQP8v9A627t2ieUdNLY9puHwh4MLHyK notetaking.md
1591761491 QmNYJZ1ES1QpU3vvVh7kesSGJ2aXm3c2CVzaxapLfppZNE noticed.md
1591442557 QmQebE4gAT89SU9gbKUWQTxUCNfWsRzypnkw74HnR7dKsj notliable.md
1594370974 QmcuXjYCZtoUXfz9y82frHE8VZA1qQfhVHfYsckEDTnF8T organic-tech.md
1596136701 QmS22aWZrffopz7b7aqKeeqnnhbpkdrS3vEva7N9Sg3V4g passwordcard.md
1588891632 QmNNZzCS48EirGzckhhN2CPpthCLBWwA8sUKEL1Dc4EuGv pathways.md
1594046247 QmPhHXBG11Gr4fi6RJ2pUjmp1vYQTdU82qfVMLjjnePu1z payperuse.md
1580493764 QmQ2c2J1z9qR1UnfxNRqJZqQzr1MbD3wXiGP47CMC3cFof peerids.md
1590829496 QmYaTjTbfkdbbVbPRAYYhFncSdy5mfUWD4pQ7iRPR4ouiF permlink.md
1594997724 QmZ14kYEg43uxiM4s8vHJjweZvmnq1JhXHa2GiDEujEpmq phonerestore.md
1596140344 QmNWJ36WAN9DeAgfFr26S1XbDiQvpphh4KuYFyPKrJbEPt pipeline.md
1580977354 QmSZzwN4SgZpZWSKWhPchiPZW6bHryNjL322NfAoPGMkac pmjournal.md
1585338583 QmPb1WfnBNYRVtHHe2zGeyt4GyU2APTNm3PQFFybjv3s1b posting.md
1581062636 QmRG2ZMvpUPvmp6wataYMuNYnPBGfgMWLVfuNK9TUJtFZC probiotic.md
1597614999 QmUUWZakKMtGRgk3vwgCVujwAKaoF5Ka7AKEkYPYyohEBW process.md
1585238488 QmPagRQ4pP3PBaVaExtEkCkjZHrP2GeBZpKaTSSFwYhLxi profile.md
1591764855 QmVEEr9UpPauSdrjXHvLJH8wmtcjgJ5KrSKyD38b96hdYZ profiles.md
1581146826 QmZaEYLocM2WMATeuGnUDupQZ8d83kK3yQGT8MpfQqTZAu projects.md
1581174838 QmaunJkfA94EXRiPz25ezRiqbQ2VzLZ5tJLguxKEwPnTEt protocols.md
1580292537 QmSZsortT1MwRSu8tT6YfTM7en9ushfgBdDN1MkwU25kXB public-url.md
1590928551 QmUTGv7CkTxW9FfM2T1UnBBAdh8GFo6X5dFiZrkcJguSaf qcode12.md
1590827830 QmWL2nRWPJ8X8iNa4kK1Ya2rEQnZ4YNxKgZtN4wiLXFwJE qm.log
1592578165 QmauKjuEuTUdjrX2rVHnJY7T8GSh5Fo1gZRWrEvRhnmzx1 quickactions.md
1595915547 QmRjdidYLPuzhvMdhqS6cNfLDRCk1BswtuBhN5vLTr3jui quotes.md
1581357274 QmRVqzMGtdavJNWyhe6oBEW2Er2wA88U5rQW5jFTG57qRR references.md
1585389092 QmVUwXF2gqvRRWffFkEXPTNq1mhS7oCjyfzyUJJxesZ25j rifefreq.md
1593623953 QmTrMLAjVy6xNwzh7fbbBqepmzxZiXjbojKpFy2wdiGoZP riskawareness.md
1591855705 QmYTvhahLrxBfmcGxit7fgPFGeuH3vmZWYAWigTqTEpicm saltedshard.md
1597848085 QmUuH5eU6QRwMNrNDQN8q4whujskeWX67ervnSm4HfXgkw sandbox.md
1585302063 QmZgKdSM3VkZybEQ2bL76wawMsABVo9ofk1D9vDSiAw9WT schumann.md
1580745075 QmWShBF8tVFnxmzosoocMYWaRJe9MqpmD9bwQWCJzHVV1W second-page.md
1598963278 QmQ3xpA7L9iVezrSFxPkoQ6tZNME7GGkwkoW5eEb7GZKen secret.md
1596140013 QmNpcLZciANPm2iT1drS32T6T8xg3ZWM1zMNsELrrkYLDW securing-ipfs.md
1588150230 QmQq42g9FbXTKk8R7zXsVWQ98mLuM4t2oF6DgLLF3hKEG8 security.md
1580313107 QmRNvqtTX2SdUBgTQ4WWifZS5yVf6iEdppzk6AWky3qwtW simple-url-list.md
1587813462 QmUMPRcmscGNdwVsCyHy4NHUgdJ8VaAKW67fge4JT6zcZK sites.md
1591760358 QmZEXUGMMUcXx2hXAiogRVCNbYxBMEs4bZ49LANKpuVnsU skillshelf.md
1598075795 QmThfx3ocBHLoM2h4myAFqM73u1ttcRpt9ceMVv1oq5HJV smart-contract.md
1598193162 QmTmsmVFYetobnvwiz5RzPec82AFX2Lfwj5icXDDstufN1 snake-oil-science.md
1591855258 Qme5piefaMqHbe6UT8RTM9W8D6QRDAEBTcF9RmupfVUUSd softindus.md
1585287960 QmVa5FgEs6ybWqMnz4ET4TsYkDeCwgEExGdJ1FiJVaCQAB solfeggio.md
1580888011 QmSYgLkgb92RReRixQiMYPt6yj53x21BNL8vMn5dyAuvWQ sort-order.md
1598669818 QmVLFwXhZCYGws6cN1pGvvJLmLayXPPQmfpr1a7pWBuBt5 source.md
1584615555 Qmd83qQf99wRfqt6fgt8FasDWyYBgBQf4cKnTHjH59kfGW spot.md
1597811180 QmNpDEbZRHixemyvMkux5UqJ8etNfZMyu24GV5kgkrVm7j stasify.md
1595393019 QmWuguir4u2GzbNd2BF63Rrt5iFQDSNmQmNhs9EKz5gY3W steps.md
1598963893 QmZaukME6FETyJCfuAKTJQp28X59CCj37sjQktPDp3JCTK stilllove.md
1591883891 QmRkey1asUW4TcpQtHH5nAbu3H3rwuy4tPDgrpEXXN2dHn swmanifesto.md
1594885222 QmYJ8Y7iYv6TN1mVTdp2QC5guEaXWazMFTQ6e1XVFcc827 tango.md
1595436982 QmWwX5YUSgcJLN8wfMohGzxoWx2JeAjEJMaDdbYamPDaKg telcorp.md
1591431375 QmZtBvqoaGFfGV6zb2YGx2w4eqDjr9EL6aZQyBykUpzqhz tempotal.md
1580885415 QmaH8bkKzZRM44unD7xLsNpJKnVLghMLyaFixxo7Vxoqax test.md
1590828271 QmXrCwu72XqHvCEPUuzUUKYDVpQ3cdBUaB8eBWcrEzRx6h testing-gollum.md
1581405195 QmQwiwTHBhGhsZQhRzS2HV772vVsFsjYKzHEKcJAcRDscV tools.md
1596201777 QmP9C8FUANbxBCuubUmUgpMrv7vywsmPGwzgbgjGTLvi2p transgeneration.md
1580736495 QmP54VxSu54AwgqLSrGyM2fvT6Qws4EwoyMEe1NvGvsmxr trends.md
1589557893 QmTUZCnB41kohta7FnB86FA3EcwdhY3fE97Kv9rbE36Y71 tutorials.md
1581062747 QmYKjiPXQ4iTfAucYDT1XqqMmxYxYsc1V9xQsVbSs6yGYP universe.md
1595952609 Qmdt8bsxgNHp7kbHwTCXTWDYezGfg5kBpuxqqknsrK6YaR upgrade.md
1579519883 QmWbMjj6QbKLjuqBFTXjyeZHbZMqrvnyztN4gByKFZEZgC video-meta.md
1580745460 QmaahuXZvWnWCyZ5omka6FBDKnLNKxCHgUsxQYHQPwr9pd vimwiki-index-page.md
1581065269 QmRFQaR5rPoZ7jk3kt6tokfsorhDiyUkzcLY7mA2Qjas1D vimwiki.md
1581174902 QmbpKkftuwVpdLmuRobeKfZtLHoFW3UmENvLW6r88hqocR watchlist.md
1580309978 QmRpfzwnyysiGuExxgM9MW5uMRD2dg5mubBQozn6C2bRAV websites.md
1580245069 QmP3PrjsyB2HBHGX8XvpsJn4V8yBr4TT3Ldm1Zs1PRUjkr welcome.md
1580287264 QmS9ZQSQcy1b43tCndPx2XxDgVLdxHVmziFjDtwcqNVDwn workflowy.md
1591622379 QmQxi1ysKZUHyPMAhL63WUEr4p2oXwf9cBWLxpnXVSaBun wrapid.md
1597955577 QmP38BUSqsTiQZDT5zh5A469pKqm1J1qJL8xC8giHfHfya write-on-the-table.md
1581399704 Qmb4D79mduFV6JtQWJHiUQUHcPLxksY8CwQwCck4H6AnUP xwiki.md
1580486481 QmaC9RAoxuqi8oaf8YVgSyZrwepAyYs4tPjA96u75U6wJg youtube-clips.md
1598964061 QmNiqztjZ8HW4CEWxxEQfRtt3FDumz7NyqRx8L3eVuxZNW 
